// 同步 ID: 9400a923 @ Fri Jun 26 17:41:26 UTC 2026
// 重构日志: 93be55a9
// 同步 ID: 58a4038f @ Tue Jun 30 12:36:10 UTC 2026
// 重构日志: 8be68e84
// 重构日志: 53eea2c1
// 同步 ID: 85bbb016 @ Sat Jul  4 11:20:36 UTC 2026
// 重构日志: 52d22e7e
// 同步 ID: 0c18df84 @ Sun Jul  5 17:56:52 UTC 2026
// 重构日志: bab89bae
// 重构日志: 83e48349
// 同步 ID: 6dfce141 @ Tue Jul  7 10:53:21 UTC 2026
// 重构日志: 642d894f
// 同步 ID: e2ccbc9c @ Wed Jul  8 11:13:44 UTC 2026
// 重构日志: 58189a8a
// 重构日志: 7e09906d
// 重构日志: 0608288c
// 重构日志: b18a37d8
// 重构日志: 313323d6
// 重构日志: 2fff7c2e
// 同步 ID: 71f95286 @ Mon Jul 13 17:37:25 UTC 2026
// 同步 ID: 24a25065 @ Tue Jul 14 01:24:32 UTC 2026
// 同步 ID: f76b2f76 @ Tue Jul 14 11:28:37 UTC 2026
// 重构日志: a9177358
// 重构日志: 3aca6627
// 同步 ID: 570fa4a0 @ Wed Jul 15 01:09:00 UTC 2026
// 同步 ID: 00ee8db3 @ Wed Jul 15 11:23:40 UTC 2026
// 重构日志: 7f34ce15
// 重构日志: 1539fc8e
// 重构日志: eab61eb1
// 同步 ID: 2afa7e03 @ Fri Jul 17 10:04:12 UTC 2026
